#
# There is insufficient memory for the Java Runtime Environment to continue.
# Native memory allocation (mmap) failed to map 134217728 bytes for Failed to commit area from 0x0000000081600000 to 0x0000000089600000 of length 134217728.
# Possible reasons:
#   The system is out of physical RAM or swap space
#   The process is running with CompressedOops enabled, and the Java Heap may be blocking the growth of the native heap
# Possible solutions:
#   Reduce memory load on the system
#   Increase physical memory or swap space
#   Check if swap backing store is full
#   Decrease Java heap size (-Xmx/-Xms)
#   Decrease number of Java threads
#   Decrease Java thread stack sizes (-Xss)
#   Set larger code cache with -XX:ReservedCodeCacheSize=
# This output file may be truncated or incomplete.
#
#  Out of Memory Error (./src/hotspot/os/windows/os_windows.cpp:3619), pid=1628, tid=7352
#
# JRE version:  (11.0.13) (build )
# Java VM: OpenJDK 64-Bit Server VM (11.0.13+0-b1751.21-8125866, mixed mode, sharing, tiered, compressed oops, g1 gc, windows-amd64)
# No core dump will be written. Minidumps are not enabled by default on client versions of Windows
#

---------------  S U M M A R Y ------------

Command Line: git4idea.http.GitAskPassApp Username for 'https://github.com': 

Host: Intel(R) Core(TM) i7-4600U CPU @ 2.10GHz, 4 cores, 7G,  Windows 10 , 64 bit Build 19041 (10.0.19041.2546)
Time: Sat Feb 25 06:40:20 2023 China Standard Time elapsed time: 0.016442 seconds (0d 0h 0m 0s)

---------------  T H R E A D  ---------------

Current thread (0x00000269ac4db800):  JavaThread "Unknown thread" [_thread_in_vm, id=7352, stack(0x000000c5eef00000,0x000000c5ef000000)]

Stack: [0x000000c5eef00000,0x000000c5ef000000]
Native frames: (J=compiled Java code, j=interpreted, Vv=VM code, C=native code)
V  [jvm.dll+0x6100fa]
V  [jvm.dll+0x747090]
V  [jvm.dll+0x7486ad]
V  [jvm.dll+0x748d83]
V  [jvm.dll+0x24ab48]
V  [jvm.dll+0x60d164]
V  [jvm.dll+0x601e75]
V  [jvm.dll+0x308bdb]
V  [jvm.dll+0x308b4a]
V  [jvm.dll+0x308a22]
V  [jvm.dll+0x30d986]
V  [jvm.dll+0x357093]
V  [jvm.dll+0x357796]
V  [jvm.dll+0x357193]
V  [jvm.dll+0x2e3448]
V  [jvm.dll+0x2e45f7]
V  [jvm.dll+0x7242e7]
V  [jvm.dll+0x725adc]
V  [jvm.dll+0x364629]
V  [jvm.dll+0x707cee]
V  [jvm.dll+0x3d2633]
V  [jvm.dll+0x3d4a21]
C  [jli.dll+0x536b]
C  [ucrtbase.dll+0x21bb2]
C  [KERNEL32.DLL+0x17614]
C  [ntdll.dll+0x526a1]


---------------  P R O C E S S  ---------------

Threads class SMR info:
_java_thread_list=0x00000269aa3c0930, length=0, elements={
}

Java Threads: ( => current thread )

Other Threads:
  0x00000269ac4f4000 GCTaskThread "GC Thread#0" [stack: 0x000000c5ef000000,0x000000c5ef100000] [id=16304]
  0x00000269ac527000 ConcurrentGCThread "G1 Main Marker" [stack: 0x000000c5ef100000,0x000000c5ef200000] [id=17804]
  0x00000269ac528000 ConcurrentGCThread "G1 Conc#0" [stack: 0x000000c5ef200000,0x000000c5ef300000] [id=6732]

[error occurred during error reporting (printing all threads), id 0xc0000005, EXCEPTION_ACCESS_VIOLATION (0xc0000005) at pc=0x00007ff95fd43dd7]

VM state:not at safepoint (not fully initialized)

VM Mutex/Monitor currently owned by a thread:  ([mutex/lock_event])
[0x00000269ac4d7fb0] Heap_lock - owner thread: 0x00000269ac4db800

Heap address: 0x0000000081600000, size: 2026 MB, Compressed Oops mode: Non-zero based: 0x0000000081600000
Narrow klass base: 0x0000000000000000, Narrow klass shift: 0

GC Heap History (0 events):
No events

Deoptimization events (0 events):
No events

Classes redefined (0 events):
No events

Internal exceptions (0 events):
No events

Events (1 events):
Event: 0.009 Loaded shared library D:\Program Files\Android\jre\bin\zip.dll


Dynamic libraries:
0x00007ff76d510000 - 0x00007ff76d51a000 	D:\Program Files\Android\jre\bin\java.exe
0x00007ff9d9350000 - 0x00007ff9d9548000 	C:\WINDOWS\SYSTEM32\ntdll.dll
0x00007ff9d8520000 - 0x00007ff9d85df000 	C:\WINDOWS\System32\KERNEL32.DLL
0x00007ff9d6a40000 - 0x00007ff9d6d12000 	C:\WINDOWS\System32\KERNELBASE.dll
0x00007ff9d6ef0000 - 0x00007ff9d6ff0000 	C:\WINDOWS\System32\ucrtbase.dll
0x00007ff9bc770000 - 0x00007ff9bc789000 	D:\Program Files\Android\jre\bin\jli.dll
0x00007ff9b9a30000 - 0x00007ff9b9a47000 	D:\Program Files\Android\jre\bin\VCRUNTIME140.dll
0x00007ff9d7790000 - 0x00007ff9d7931000 	C:\WINDOWS\System32\USER32.dll
0x00007ff9c9740000 - 0x00007ff9c99da000 	C:\WINDOWS\WinSxS\amd64_microsoft.windows.common-controls_6595b64144ccf1df_6.0.19041.1110_none_60b5254171f9507e\COMCTL32.dll
0x00007ff9d72a0000 - 0x00007ff9d72c2000 	C:\WINDOWS\System32\win32u.dll
0x00007ff9d8340000 - 0x00007ff9d83de000 	C:\WINDOWS\System32\msvcrt.dll
0x00007ff9d82a0000 - 0x00007ff9d82cb000 	C:\WINDOWS\System32\GDI32.dll
0x00007ff9d7040000 - 0x00007ff9d714f000 	C:\WINDOWS\System32\gdi32full.dll
0x00007ff9d7150000 - 0x00007ff9d71ed000 	C:\WINDOWS\System32\msvcp_win.dll
0x00007ff9d9260000 - 0x00007ff9d9292000 	C:\WINDOWS\System32\IMM32.DLL
0x00007ff9b1820000 - 0x00007ff9b18bd000 	D:\Program Files\Android\jre\bin\msvcp140.dll
0x00007ff95fa50000 - 0x00007ff960552000 	D:\Program Files\Android\jre\bin\server\jvm.dll
0x00007ff9d7940000 - 0x00007ff9d79ee000 	C:\WINDOWS\System32\ADVAPI32.dll
0x00007ff9d85e0000 - 0x00007ff9d867c000 	C:\WINDOWS\System32\sechost.dll
0x00007ff9d8170000 - 0x00007ff9d8295000 	C:\WINDOWS\System32\RPCRT4.dll
0x00007ff9d92a0000 - 0x00007ff9d92a8000 	C:\WINDOWS\System32\PSAPI.DLL
0x00007ff9d1c20000 - 0x00007ff9d1c29000 	C:\WINDOWS\SYSTEM32\WSOCK32.dll
0x00007ff9ca670000 - 0x00007ff9ca697000 	C:\WINDOWS\SYSTEM32\WINMM.dll
0x00007ff9d82d0000 - 0x00007ff9d833b000 	C:\WINDOWS\System32\WS2_32.dll
0x00007ff9cba90000 - 0x00007ff9cba9a000 	C:\WINDOWS\SYSTEM32\VERSION.dll
0x00007ff9d4900000 - 0x00007ff9d4912000 	C:\WINDOWS\SYSTEM32\kernel.appcore.dll
0x00007ff9b5f30000 - 0x00007ff9b5f41000 	D:\Program Files\Android\jre\bin\verify.dll
0x00007ff9c76d0000 - 0x00007ff9c78b4000 	C:\WINDOWS\SYSTEM32\DBGHELP.DLL
0x00007ff9c7510000 - 0x00007ff9c7545000 	C:\WINDOWS\SYSTEM32\dbgcore.DLL
0x00007ff9d72d0000 - 0x00007ff9d7352000 	C:\WINDOWS\System32\bcryptPrimitives.dll
0x00007ff9a6830000 - 0x00007ff9a6859000 	D:\Program Files\Android\jre\bin\java.dll
0x00007ff9b95d0000 - 0x00007ff9b95db000 	D:\Program Files\Android\jre\bin\jimage.dll
0x00007ff9a6810000 - 0x00007ff9a6828000 	D:\Program Files\Android\jre\bin\zip.dll

dbghelp: loaded successfully - version: 4.0.5 - missing functions: none
symbol engine: initialized successfully - sym options: 0x614 - pdb path: .;D:\Program Files\Android\jre\bin;C:\WINDOWS\SYSTEM32;C:\WINDOWS\WinSxS\amd64_microsoft.windows.common-controls_6595b64144ccf1df_6.0.19041.1110_none_60b5254171f9507e;D:\Program Files\Android\jre\bin\server

VM Arguments:
java_command: git4idea.http.GitAskPassApp Username for 'https://github.com': 
java_class_path (initial): D:/Program Files/Android/plugins/git4idea/lib/git4idea-rt.jar;D:/Program Files/Android/lib/3rd-party.jar;D:/Program Files/Android/lib/3rd-party-rt.jar
Launcher Type: SUN_STANDARD

[Global flags]
     intx CICompilerCount                          = 3                                         {product} {ergonomic}
     uint ConcGCThreads                            = 1                                         {product} {ergonomic}
     uint G1ConcRefinementThreads                  = 4                                         {product} {ergonomic}
   size_t G1HeapRegionSize                         = 1048576                                   {product} {ergonomic}
    uintx GCDrainStackTargetSize                   = 64                                        {product} {ergonomic}
   size_t InitialHeapSize                          = 134217728                                 {product} {ergonomic}
   size_t MarkStackSize                            = 4194304                                   {product} {ergonomic}
   size_t MaxHeapSize                              = 2124414976                                {product} {ergonomic}
   size_t MinHeapDeltaBytes                        = 1048576                                   {product} {ergonomic}
    uintx NonNMethodCodeHeapSize                   = 5830732                                {pd product} {ergonomic}
    uintx NonProfiledCodeHeapSize                  = 122913754                              {pd product} {ergonomic}
    uintx ProfiledCodeHeapSize                     = 122913754                              {pd product} {ergonomic}
    uintx ReservedCodeCacheSize                    = 251658240                              {pd product} {ergonomic}
     bool SegmentedCodeCache                       = true                                      {product} {ergonomic}
     bool UseCompressedClassPointers               = true                                 {lp64_product} {ergonomic}
     bool UseCompressedOops                        = true                                 {lp64_product} {ergonomic}
     bool UseG1GC                                  = true                                      {product} {ergonomic}
     bool UseLargePagesIndividualAllocation        = false                                  {pd product} {ergonomic}

Logging:
Log output configuration:
 #0: stdout all=warning uptime,level,tags
 #1: stderr all=off uptime,level,tags

Environment Variables:
PATH=C:/Program Files/Git/mingw64/libexec/git-core;C:/Program Files/Git/mingw64/libexec/git-core;C:\Program Files\Git\mingw64\bin;C:\Program Files\Git\usr\bin;C:\Users\Kin\bin;C:\Program Files (x86)\Intel\iCLS Client\;C:\Program Files\Intel\iCLS Client\;C:\WINDOWS\system32;C:\WINDOWS;C:\WINDOWS\System32\Wbem;C:\WINDOWS\System32\WindowsPowerShell\v1.0\;C:\WINDOWS\System32\OpenSSH\;C:\Program Files\dotnet\;C:\Program Files (x86)\Intel\Intel(R) Management Engine Components\DAL;C:\Program Files\Intel\Intel(R) Management Engine Components\DAL;C:\Program Files (x86)\Intel\Intel(R) Management Engine Components\IPT;C:\Program Files\Intel\Intel(R) Management Engine Components\IPT;C:\Program Files\Git\cmd;C:\Users\Kin\AppData\Local\Microsoft\WindowsApps;D:\Program Files\PyCharm\PyCharm Community Edition 2022.2.3\bin
USERNAME=Kin
DISPLAY=:0.0
LC_ALL=en_US.UTF-8
OS=Windows_NT
PROCESSOR_IDENTIFIER=Intel64 Family 6 Model 69 Stepping 1, GenuineIntel



---------------  S Y S T E M  ---------------

OS: Windows 10 , 64 bit Build 19041 (10.0.19041.2546)
OS uptime: 1 days 16:15 hours

CPU:total 4 (initial active 4) (2 cores per cpu, 2 threads per core) family 6 model 69 stepping 1 microcode 0x25, cmov, cx8, fxsr, mmx, sse, sse2, sse3, ssse3, sse4.1, sse4.2, popcnt, avx, avx2, aes, clmul, erms, lzcnt, ht, tsc, tscinvbit, bmi1, bmi2, fma

Memory: 4k page, system-wide physical 8097M (561M free)
TotalPageFile size 18273M (AvailPageFile size 125M)
current process WorkingSet (physical memory assigned to process): 10M, peak: 10M
current process commit charge ("private bytes"): 51M, peak: 179M

vm_info: OpenJDK 64-Bit Server VM (11.0.13+0-b1751.21-8125866) for windows-amd64 JRE (11.0.13+0-b1751.21-8125866), built on Feb  2 2022 03:00:22 by "builder" with MS VC++ 14.0 (VS2015)

END.
